{
  "stats": {
    "suites": 1,
    "tests": 1,
    "passes": 1,
    "pending": 0,
    "failures": 0,
    "start": "2020-07-19T13:32:14.457Z",
    "end": "2020-07-19T13:32:31.078Z",
    "duration": 16621,
    "testsRegistered": 1,
    "passPercent": 100,
    "pendingPercent": 0,
    "other": 0,
    "hasOther": false,
    "skipped": 0,
    "hasSkipped": false
  },
  "results": [
    {
      "uuid": "377fe55b-4d28-4950-a10a-33c9f25e3c87",
      "title": "",
      "fullFile": "cypress\\integration\\login\\login.spec.js",
      "file": "cypress\\integration\\login\\login.spec.js",
      "beforeHooks": [],
      "afterHooks": [],
      "tests": [],
      "suites": [
        {
          "uuid": "8b4b0c48-fc51-486b-acf8-ec621195f950",
          "title": "login",
          "fullFile": "",
          "file": "",
          "beforeHooks": [],
          "afterHooks": [],
          "tests": [
            {
              "title": "should be login -2",
              "fullTitle": "login should be login -2",
              "timedOut": null,
              "duration": 16185,
              "state": "passed",
              "speed": "slow",
              "pass": true,
              "fail": false,
              "pending": false,
              "context": null,
              "code": "//visit application\ncy.visit(\"http://localhost:4100/\");\n/* cy.contains('a.nav-link','Sign in').click();\ncy.get('form').within(()=> {\n  cy.get('input').first().type('test@test.com');\n  cy.get('input').last().type('test');\n  //cy.get('button').click();\n  cy.root().submit();\n})\ncy.url().should('not.contain','login');\ncy.contains('a.nav-link','Your Feed').should('have.class', 'active');\ncy.contains('a.nav-link','Global Feed').should('not.have.class', 'active'); */\ncy.login();",
              "err": {},
              "uuid": "7901859c-1835-4d32-80fe-1fb692cbf626",
              "parentUUID": "8b4b0c48-fc51-486b-acf8-ec621195f950",
              "isHook": false,
              "skipped": false
            }
          ],
          "suites": [],
          "passes": [
            "7901859c-1835-4d32-80fe-1fb692cbf626"
          ],
          "failures": [],
          "pending": [],
          "skipped": [],
          "duration": 16185,
          "root": false,
          "rootEmpty": false,
          "_timeout": 2000
        }
      ],
      "passes": [],
      "failures": [],
      "pending": [],
      "skipped": [],
      "duration": 0,
      "root": true,
      "rootEmpty": true,
      "_timeout": 2000
    }
  ],
  "meta": {
    "mocha": {
      "version": "7.0.1"
    },
    "mochawesome": {
      "options": {
        "quiet": false,
        "reportFilename": "mochawesome",
        "saveHtml": false,
        "saveJson": true,
        "consoleReporter": "spec",
        "useInlineDiffs": false,
        "code": true
      },
      "version": "6.1.1"
    },
    "marge": {
      "options": {
        "reportDir": "cypress/results/specs",
        "overwrite": false,
        "html": false,
        "json": true
      },
      "version": "5.1.0"
    }
  }
}