{
  "stats": {
    "suites": 1,
    "tests": 1,
    "passes": 1,
    "pending": 0,
    "failures": 0,
    "start": "2020-07-19T13:31:17.871Z",
    "end": "2020-07-19T13:31:53.335Z",
    "duration": 35464,
    "testsRegistered": 1,
    "passPercent": 100,
    "pendingPercent": 0,
    "other": 0,
    "hasOther": false,
    "skipped": 0,
    "hasSkipped": false
  },
  "results": [
    {
      "uuid": "d0db8d5a-b64e-440f-bb0a-9d60a8d8b9ab",
      "title": "",
      "fullFile": "cypress\\integration\\login\\articles.spec.js",
      "file": "cypress\\integration\\login\\articles.spec.js",
      "beforeHooks": [],
      "afterHooks": [],
      "tests": [],
      "suites": [
        {
          "uuid": "f8c9bfa1-011e-466f-9154-c5ffbe9ae7d8",
          "title": "articles",
          "fullFile": "",
          "file": "",
          "beforeHooks": [],
          "afterHooks": [],
          "tests": [
            {
              "title": "should create new article",
              "fullTitle": "articles should create new article",
              "timedOut": null,
              "duration": 33094,
              "state": "passed",
              "speed": "slow",
              "pass": true,
              "fail": false,
              "pending": false,
              "context": null,
              "code": "cy.contains('a.nav-link', 'New Post').click();\ncy.get('form').within(function () {\n  cy.get('input').first().type('Article Name');\n  cy.get('input').eq(1).type('Test article');\n  cy.get('textarea').type('test test');\n  cy.get('input').last().type('demo');\n  cy.get('button[type=\"button\"]').click();\n});\ncy.url().should('contain', 'article');",
              "err": {},
              "uuid": "aaa03d12-acd0-4386-81ca-0c24a7d060d6",
              "parentUUID": "f8c9bfa1-011e-466f-9154-c5ffbe9ae7d8",
              "isHook": false,
              "skipped": false
            }
          ],
          "suites": [],
          "passes": [
            "aaa03d12-acd0-4386-81ca-0c24a7d060d6"
          ],
          "failures": [],
          "pending": [],
          "skipped": [],
          "duration": 33094,
          "root": false,
          "rootEmpty": false,
          "_timeout": 2000
        }
      ],
      "passes": [],
      "failures": [],
      "pending": [],
      "skipped": [],
      "duration": 0,
      "root": true,
      "rootEmpty": true,
      "_timeout": 2000
    }
  ],
  "meta": {
    "mocha": {
      "version": "7.0.1"
    },
    "mochawesome": {
      "options": {
        "quiet": false,
        "reportFilename": "mochawesome",
        "saveHtml": false,
        "saveJson": true,
        "consoleReporter": "spec",
        "useInlineDiffs": false,
        "code": true
      },
      "version": "6.1.1"
    },
    "marge": {
      "options": {
        "reportDir": "cypress/results/specs",
        "overwrite": false,
        "html": false,
        "json": true
      },
      "version": "5.1.0"
    }
  }
}